<?xml version="1.0" encoding="UTF-8"?>
<testsuites>
  <testsuite name="" tests="24" assertions="47" errors="0" warnings="0" failures="0" skipped="0" time="1.582862">
    <testsuite name="Unit" tests="8" assertions="21" errors="0" warnings="0" failures="0" skipped="0" time="0.322885">
      <testsuite name="Tests\Unit\ExampleTest" file="/var/www/html/laravel-blog/tests/Unit/ExampleTest.php" tests="1" assertions="1" errors="0" warnings="0" failures="0" skipped="0" time="0.001930">
        <testcase name="test_example" class="Tests\Unit\ExampleTest" classname="Tests.Unit.ExampleTest" file="/var/www/html/laravel-blog/tests/Unit/ExampleTest.php" line="14" assertions="1" time="0.001930"/>
      </testsuite>
      <testsuite name="Tests\Unit\PostTest" file="/var/www/html/laravel-blog/tests/Unit/PostTest.php" tests="7" assertions="20" errors="0" warnings="0" failures="0" skipped="0" time="0.320955">
        <testcase name="test_create_post_screen_can_be_rendered" class="Tests\Unit\PostTest" classname="Tests.Unit.PostTest" file="/var/www/html/laravel-blog/tests/Unit/PostTest.php" line="24" assertions="2" time="0.120986"/>
        <testcase name="test_users_can_create_post_using_post_screen" class="Tests\Unit\PostTest" classname="Tests.Unit.PostTest" file="/var/www/html/laravel-blog/tests/Unit/PostTest.php" line="34" assertions="3" time="0.036869"/>
        <testcase name="test_users_can_view_posts_in_post_list_screen" class="Tests\Unit\PostTest" classname="Tests.Unit.PostTest" file="/var/www/html/laravel-blog/tests/Unit/PostTest.php" line="50" assertions="3" time="0.033939"/>
        <testcase name="test_users_can_view_single_post_on_single_post_screen" class="Tests\Unit\PostTest" classname="Tests.Unit.PostTest" file="/var/www/html/laravel-blog/tests/Unit/PostTest.php" line="61" assertions="3" time="0.034200"/>
        <testcase name="test_users_can_view_post_on_edit_post_screen" class="Tests\Unit\PostTest" classname="Tests.Unit.PostTest" file="/var/www/html/laravel-blog/tests/Unit/PostTest.php" line="72" assertions="3" time="0.033923"/>
        <testcase name="test_users_can_update_post_on_edit_post_screen" class="Tests\Unit\PostTest" classname="Tests.Unit.PostTest" file="/var/www/html/laravel-blog/tests/Unit/PostTest.php" line="83" assertions="3" time="0.030758"/>
        <testcase name="test_users_can_delete_post" class="Tests\Unit\PostTest" classname="Tests.Unit.PostTest" file="/var/www/html/laravel-blog/tests/Unit/PostTest.php" line="99" assertions="3" time="0.030280"/>
      </testsuite>
    </testsuite>
    <testsuite name="Feature" tests="16" assertions="26" errors="0" warnings="0" failures="0" skipped="0" time="1.259977">
      <testsuite name="Tests\Feature\Auth\AuthenticationTest" file="/var/www/html/laravel-blog/tests/Feature/Auth/AuthenticationTest.php" tests="3" assertions="5" errors="0" warnings="0" failures="0" skipped="0" time="0.456844">
        <testcase name="test_login_screen_can_be_rendered" class="Tests\Feature\Auth\AuthenticationTest" classname="Tests.Feature.Auth.AuthenticationTest" file="/var/www/html/laravel-blog/tests/Feature/Auth/AuthenticationTest.php" line="14" assertions="1" time="0.296865"/>
        <testcase name="test_users_can_authenticate_using_the_login_screen" class="Tests\Feature\Auth\AuthenticationTest" classname="Tests.Feature.Auth.AuthenticationTest" file="/var/www/html/laravel-blog/tests/Feature/Auth/AuthenticationTest.php" line="21" assertions="3" time="0.081206"/>
        <testcase name="test_users_can_not_authenticate_with_invalid_password" class="Tests\Feature\Auth\AuthenticationTest" classname="Tests.Feature.Auth.AuthenticationTest" file="/var/www/html/laravel-blog/tests/Feature/Auth/AuthenticationTest.php" line="34" assertions="1" time="0.078774"/>
      </testsuite>
      <testsuite name="Tests\Feature\Auth\EmailVerificationTest" file="/var/www/html/laravel-blog/tests/Feature/Auth/EmailVerificationTest.php" tests="3" assertions="6" errors="0" warnings="0" failures="0" skipped="0" time="0.089844">
        <testcase name="test_email_verification_screen_can_be_rendered" class="Tests\Feature\Auth\EmailVerificationTest" classname="Tests.Feature.Auth.EmailVerificationTest" file="/var/www/html/laravel-blog/tests/Feature/Auth/EmailVerificationTest.php" line="17" assertions="1" time="0.028654"/>
        <testcase name="test_email_can_be_verified" class="Tests\Feature\Auth\EmailVerificationTest" classname="Tests.Feature.Auth.EmailVerificationTest" file="/var/www/html/laravel-blog/tests/Feature/Auth/EmailVerificationTest.php" line="28" assertions="4" time="0.031441"/>
        <testcase name="test_email_is_not_verified_with_invalid_hash" class="Tests\Feature\Auth\EmailVerificationTest" classname="Tests.Feature.Auth.EmailVerificationTest" file="/var/www/html/laravel-blog/tests/Feature/Auth/EmailVerificationTest.php" line="49" assertions="1" time="0.029749"/>
      </testsuite>
      <testsuite name="Tests\Feature\Auth\PasswordConfirmationTest" file="/var/www/html/laravel-blog/tests/Feature/Auth/PasswordConfirmationTest.php" tests="3" assertions="4" errors="0" warnings="0" failures="0" skipped="0" time="0.192351">
        <testcase name="test_confirm_password_screen_can_be_rendered" class="Tests\Feature\Auth\PasswordConfirmationTest" classname="Tests.Feature.Auth.PasswordConfirmationTest" file="/var/www/html/laravel-blog/tests/Feature/Auth/PasswordConfirmationTest.php" line="13" assertions="1" time="0.027686"/>
        <testcase name="test_password_can_be_confirmed" class="Tests\Feature\Auth\PasswordConfirmationTest" classname="Tests.Feature.Auth.PasswordConfirmationTest" file="/var/www/html/laravel-blog/tests/Feature/Auth/PasswordConfirmationTest.php" line="22" assertions="2" time="0.084879"/>
        <testcase name="test_password_is_not_confirmed_with_invalid_password" class="Tests\Feature\Auth\PasswordConfirmationTest" classname="Tests.Feature.Auth.PasswordConfirmationTest" file="/var/www/html/laravel-blog/tests/Feature/Auth/PasswordConfirmationTest.php" line="34" assertions="1" time="0.079787"/>
      </testsuite>
      <testsuite name="Tests\Feature\Auth\PasswordResetTest" file="/var/www/html/laravel-blog/tests/Feature/Auth/PasswordResetTest.php" tests="4" assertions="6" errors="0" warnings="0" failures="0" skipped="0" time="0.390339">
        <testcase name="test_reset_password_link_screen_can_be_rendered" class="Tests\Feature\Auth\PasswordResetTest" classname="Tests.Feature.Auth.PasswordResetTest" file="/var/www/html/laravel-blog/tests/Feature/Auth/PasswordResetTest.php" line="15" assertions="1" time="0.030011"/>
        <testcase name="test_reset_password_link_can_be_requested" class="Tests\Feature\Auth\PasswordResetTest" classname="Tests.Feature.Auth.PasswordResetTest" file="/var/www/html/laravel-blog/tests/Feature/Auth/PasswordResetTest.php" line="22" assertions="1" time="0.086461"/>
        <testcase name="test_reset_password_screen_can_be_rendered" class="Tests\Feature\Auth\PasswordResetTest" classname="Tests.Feature.Auth.PasswordResetTest" file="/var/www/html/laravel-blog/tests/Feature/Auth/PasswordResetTest.php" line="33" assertions="2" time="0.086238"/>
        <testcase name="test_password_can_be_reset_with_valid_token" class="Tests\Feature\Auth\PasswordResetTest" classname="Tests.Feature.Auth.PasswordResetTest" file="/var/www/html/laravel-blog/tests/Feature/Auth/PasswordResetTest.php" line="50" assertions="2" time="0.187628"/>
      </testsuite>
      <testsuite name="Tests\Feature\Auth\RegistrationTest" file="/var/www/html/laravel-blog/tests/Feature/Auth/RegistrationTest.php" tests="2" assertions="4" errors="0" warnings="0" failures="0" skipped="0" time="0.107016">
        <testcase name="test_registration_screen_can_be_rendered" class="Tests\Feature\Auth\RegistrationTest" classname="Tests.Feature.Auth.RegistrationTest" file="/var/www/html/laravel-blog/tests/Feature/Auth/RegistrationTest.php" line="13" assertions="1" time="0.027156"/>
        <testcase name="test_new_users_can_register" class="Tests\Feature\Auth\RegistrationTest" classname="Tests.Feature.Auth.RegistrationTest" file="/var/www/html/laravel-blog/tests/Feature/Auth/RegistrationTest.php" line="20" assertions="3" time="0.079861"/>
      </testsuite>
      <testsuite name="Tests\Feature\ExampleTest" file="/var/www/html/laravel-blog/tests/Feature/ExampleTest.php" tests="1" assertions="1" errors="0" warnings="0" failures="0" skipped="0" time="0.023582">
        <testcase name="test_example" class="Tests\Feature\ExampleTest" classname="Tests.Feature.ExampleTest" file="/var/www/html/laravel-blog/tests/Feature/ExampleTest.php" line="15" assertions="1" time="0.023582"/>
      </testsuite>
    </testsuite>
  </testsuite>
</testsuites>
