<?xml version="1.0" encoding="UTF-8"?>
<testsuites>
  <testsuite name="" tests="30" assertions="65" errors="0" warnings="0" failures="0" skipped="0" time="2.214509">
    <testsuite name="Unit" tests="8" assertions="21" errors="0" warnings="0" failures="0" skipped="0" time="0.299802">
      <testsuite name="Tests\Unit\ExampleTest" file="/var/www/html/laravel-blog/tests/Unit/ExampleTest.php" tests="1" assertions="1" errors="0" warnings="0" failures="0" skipped="0" time="0.000943">
        <testcase name="test_example" class="Tests\Unit\ExampleTest" classname="Tests.Unit.ExampleTest" file="/var/www/html/laravel-blog/tests/Unit/ExampleTest.php" line="14" assertions="1" time="0.000943"/>
      </testsuite>
      <testsuite name="Tests\Unit\PostTest" file="/var/www/html/laravel-blog/tests/Unit/PostTest.php" tests="7" assertions="20" errors="0" warnings="0" failures="0" skipped="0" time="0.298858">
        <testcase name="test_create_post_screen_can_be_rendered" class="Tests\Unit\PostTest" classname="Tests.Unit.PostTest" file="/var/www/html/laravel-blog/tests/Unit/PostTest.php" line="24" assertions="2" time="0.118669"/>
        <testcase name="test_users_can_create_post_using_post_screen" class="Tests\Unit\PostTest" classname="Tests.Unit.PostTest" file="/var/www/html/laravel-blog/tests/Unit/PostTest.php" line="34" assertions="3" time="0.036751"/>
        <testcase name="test_users_can_view_posts_in_post_list_screen" class="Tests\Unit\PostTest" classname="Tests.Unit.PostTest" file="/var/www/html/laravel-blog/tests/Unit/PostTest.php" line="50" assertions="3" time="0.026858"/>
        <testcase name="test_users_can_view_single_post_on_single_post_screen" class="Tests\Unit\PostTest" classname="Tests.Unit.PostTest" file="/var/www/html/laravel-blog/tests/Unit/PostTest.php" line="61" assertions="3" time="0.031483"/>
        <testcase name="test_users_can_view_post_on_edit_post_screen" class="Tests\Unit\PostTest" classname="Tests.Unit.PostTest" file="/var/www/html/laravel-blog/tests/Unit/PostTest.php" line="72" assertions="3" time="0.027933"/>
        <testcase name="test_users_can_update_post_on_edit_post_screen" class="Tests\Unit\PostTest" classname="Tests.Unit.PostTest" file="/var/www/html/laravel-blog/tests/Unit/PostTest.php" line="83" assertions="3" time="0.028191"/>
        <testcase name="test_users_can_delete_post" class="Tests\Unit\PostTest" classname="Tests.Unit.PostTest" file="/var/www/html/laravel-blog/tests/Unit/PostTest.php" line="99" assertions="3" time="0.028974"/>
      </testsuite>
    </testsuite>
    <testsuite name="Feature" tests="22" assertions="44" errors="0" warnings="0" failures="0" skipped="0" time="1.914708">
      <testsuite name="Tests\Feature\Auth\AuthenticationTest" file="/var/www/html/laravel-blog/tests/Feature/Auth/AuthenticationTest.php" tests="9" assertions="23" errors="0" warnings="0" failures="0" skipped="0" time="1.213528">
        <testcase name="test_login_screen_can_be_rendered" class="Tests\Feature\Auth\AuthenticationTest" classname="Tests.Feature.Auth.AuthenticationTest" file="/var/www/html/laravel-blog/tests/Feature/Auth/AuthenticationTest.php" line="30" assertions="1" time="0.970296"/>
        <testcase name="test_users_can_authenticate_using_the_login_screen" class="Tests\Feature\Auth\AuthenticationTest" classname="Tests.Feature.Auth.AuthenticationTest" file="/var/www/html/laravel-blog/tests/Feature/Auth/AuthenticationTest.php" line="37" assertions="3" time="0.074185"/>
        <testcase name="test_users_can_not_authenticate_with_invalid_password" class="Tests\Feature\Auth\AuthenticationTest" classname="Tests.Feature.Auth.AuthenticationTest" file="/var/www/html/laravel-blog/tests/Feature/Auth/AuthenticationTest.php" line="50" assertions="1" time="0.072832"/>
        <testcase name="test_users_redirected_to_google_screen" class="Tests\Feature\Auth\AuthenticationTest" classname="Tests.Feature.Auth.AuthenticationTest" file="/var/www/html/laravel-blog/tests/Feature/Auth/AuthenticationTest.php" line="62" assertions="1" time="0.013646"/>
        <testcase name="test_users_redirected_to_facebook_screen" class="Tests\Feature\Auth\AuthenticationTest" classname="Tests.Feature.Auth.AuthenticationTest" file="/var/www/html/laravel-blog/tests/Feature/Auth/AuthenticationTest.php" line="69" assertions="1" time="0.011816"/>
        <testcase name="test_users_redirected_to_github_screen" class="Tests\Feature\Auth\AuthenticationTest" classname="Tests.Feature.Auth.AuthenticationTest" file="/var/www/html/laravel-blog/tests/Feature/Auth/AuthenticationTest.php" line="76" assertions="1" time="0.011849"/>
        <testcase name="test_users_can_authenticate_using_the_google_login" class="Tests\Feature\Auth\AuthenticationTest" classname="Tests.Feature.Auth.AuthenticationTest" file="/var/www/html/laravel-blog/tests/Feature/Auth/AuthenticationTest.php" line="83" assertions="5" time="0.022380"/>
        <testcase name="test_users_can_authenticate_using_the_facebook_login" class="Tests\Feature\Auth\AuthenticationTest" classname="Tests.Feature.Auth.AuthenticationTest" file="/var/www/html/laravel-blog/tests/Feature/Auth/AuthenticationTest.php" line="92" assertions="5" time="0.017913"/>
        <testcase name="test_users_can_authenticate_using_the_github_login" class="Tests\Feature\Auth\AuthenticationTest" classname="Tests.Feature.Auth.AuthenticationTest" file="/var/www/html/laravel-blog/tests/Feature/Auth/AuthenticationTest.php" line="101" assertions="5" time="0.018611"/>
      </testsuite>
      <testsuite name="Tests\Feature\Auth\EmailVerificationTest" file="/var/www/html/laravel-blog/tests/Feature/Auth/EmailVerificationTest.php" tests="3" assertions="6" errors="0" warnings="0" failures="0" skipped="0" time="0.072154">
        <testcase name="test_email_verification_screen_can_be_rendered" class="Tests\Feature\Auth\EmailVerificationTest" classname="Tests.Feature.Auth.EmailVerificationTest" file="/var/www/html/laravel-blog/tests/Feature/Auth/EmailVerificationTest.php" line="17" assertions="1" time="0.021498"/>
        <testcase name="test_email_can_be_verified" class="Tests\Feature\Auth\EmailVerificationTest" classname="Tests.Feature.Auth.EmailVerificationTest" file="/var/www/html/laravel-blog/tests/Feature/Auth/EmailVerificationTest.php" line="28" assertions="4" time="0.028374"/>
        <testcase name="test_email_is_not_verified_with_invalid_hash" class="Tests\Feature\Auth\EmailVerificationTest" classname="Tests.Feature.Auth.EmailVerificationTest" file="/var/www/html/laravel-blog/tests/Feature/Auth/EmailVerificationTest.php" line="49" assertions="1" time="0.022283"/>
      </testsuite>
      <testsuite name="Tests\Feature\Auth\PasswordConfirmationTest" file="/var/www/html/laravel-blog/tests/Feature/Auth/PasswordConfirmationTest.php" tests="3" assertions="4" errors="0" warnings="0" failures="0" skipped="0" time="0.172666">
        <testcase name="test_confirm_password_screen_can_be_rendered" class="Tests\Feature\Auth\PasswordConfirmationTest" classname="Tests.Feature.Auth.PasswordConfirmationTest" file="/var/www/html/laravel-blog/tests/Feature/Auth/PasswordConfirmationTest.php" line="13" assertions="1" time="0.028096"/>
        <testcase name="test_password_can_be_confirmed" class="Tests\Feature\Auth\PasswordConfirmationTest" classname="Tests.Feature.Auth.PasswordConfirmationTest" file="/var/www/html/laravel-blog/tests/Feature/Auth/PasswordConfirmationTest.php" line="22" assertions="2" time="0.074300"/>
        <testcase name="test_password_is_not_confirmed_with_invalid_password" class="Tests\Feature\Auth\PasswordConfirmationTest" classname="Tests.Feature.Auth.PasswordConfirmationTest" file="/var/www/html/laravel-blog/tests/Feature/Auth/PasswordConfirmationTest.php" line="34" assertions="1" time="0.070270"/>
      </testsuite>
      <testsuite name="Tests\Feature\Auth\PasswordResetTest" file="/var/www/html/laravel-blog/tests/Feature/Auth/PasswordResetTest.php" tests="4" assertions="6" errors="0" warnings="0" failures="0" skipped="0" time="0.346633">
        <testcase name="test_reset_password_link_screen_can_be_rendered" class="Tests\Feature\Auth\PasswordResetTest" classname="Tests.Feature.Auth.PasswordResetTest" file="/var/www/html/laravel-blog/tests/Feature/Auth/PasswordResetTest.php" line="15" assertions="1" time="0.015600"/>
        <testcase name="test_reset_password_link_can_be_requested" class="Tests\Feature\Auth\PasswordResetTest" classname="Tests.Feature.Auth.PasswordResetTest" file="/var/www/html/laravel-blog/tests/Feature/Auth/PasswordResetTest.php" line="22" assertions="1" time="0.081446"/>
        <testcase name="test_reset_password_screen_can_be_rendered" class="Tests\Feature\Auth\PasswordResetTest" classname="Tests.Feature.Auth.PasswordResetTest" file="/var/www/html/laravel-blog/tests/Feature/Auth/PasswordResetTest.php" line="33" assertions="2" time="0.075300"/>
        <testcase name="test_password_can_be_reset_with_valid_token" class="Tests\Feature\Auth\PasswordResetTest" classname="Tests.Feature.Auth.PasswordResetTest" file="/var/www/html/laravel-blog/tests/Feature/Auth/PasswordResetTest.php" line="50" assertions="2" time="0.174286"/>
      </testsuite>
      <testsuite name="Tests\Feature\Auth\RegistrationTest" file="/var/www/html/laravel-blog/tests/Feature/Auth/RegistrationTest.php" tests="2" assertions="4" errors="0" warnings="0" failures="0" skipped="0" time="0.094859">
        <testcase name="test_registration_screen_can_be_rendered" class="Tests\Feature\Auth\RegistrationTest" classname="Tests.Feature.Auth.RegistrationTest" file="/var/www/html/laravel-blog/tests/Feature/Auth/RegistrationTest.php" line="13" assertions="1" time="0.016357"/>
        <testcase name="test_new_users_can_register" class="Tests\Feature\Auth\RegistrationTest" classname="Tests.Feature.Auth.RegistrationTest" file="/var/www/html/laravel-blog/tests/Feature/Auth/RegistrationTest.php" line="20" assertions="3" time="0.078502"/>
      </testsuite>
      <testsuite name="Tests\Feature\ExampleTest" file="/var/www/html/laravel-blog/tests/Feature/ExampleTest.php" tests="1" assertions="1" errors="0" warnings="0" failures="0" skipped="0" time="0.014868">
        <testcase name="test_example" class="Tests\Feature\ExampleTest" classname="Tests.Feature.ExampleTest" file="/var/www/html/laravel-blog/tests/Feature/ExampleTest.php" line="15" assertions="1" time="0.014868"/>
      </testsuite>
    </testsuite>
  </testsuite>
</testsuites>
